[INFO] Cache directory set to "/var/tmp/crad-docker"
[INFO] Pulling container morpheus-docker.qualcomm.com/public/aimet/aimet-prod:0.90.0.87
[INFO] Building local cache
[INFO] Accessing needed automount directories
[INFO] Starting container aimet-prod_0.90.0.87
[INFO] Cache directory set to "/var/tmp/crad-docker"
[INFO] Pulling container morpheus-docker.qualcomm.com/public/aimet/aimet-prod:0.90.0.87
[INFO] Building local cache
[INFO] Accessing needed automount directories
[INFO] Starting container aimet-prod_0.90.0.87
Traceback (most recent call last):
  File "trainer.py", line 313, in <module>
    main()
  File "trainer.py", line 138, in main
    train(train_loader, model, criterion, optimizer, epoch)
  File "trainer.py", line 193, in train
    loss.backward()
  File "/usr/local/lib/python3.5/dist-packages/torch/tensor.py", line 107, in backward
    torch.autograd.backward(self, gradient, retain_graph, create_graph)
  File "/usr/local/lib/python3.5/dist-packages/torch/autograd/__init__.py", line 93, in backward
    allow_unreachable=True)  # allow_unreachable flag
  File "/usr/local/lib/python3.5/dist-packages/torch/autograd/function.py", line 77, in apply
    return self._forward_cls.backward(self, *args)
  File "/prj/neo_lv/scratch/kwanan/personal/PACT/pytorch_resnet_cifar10/module.py", line 31, in backward
    grad_alpha = torch.sum(dLdy_q * torch.ge(x, alpha)).view(-1)
RuntimeError: expected backend CUDA and dtype Float but got backend CUDA and dtype Byte
